[2023-09-23 21:13:20.506]	INFO	/home/mull1on/GolandProjects/src/go-ssip/app/service/api/http/initialize/logger.go:34	init logger successfully
[2023-09-23 21:13:20.512]	INFO	/home/mull1on/GolandProjects/src/go-ssip/app/service/api/http/initialize/rpc/user_service.go:41	init user client success
[2023-09-23 21:13:20.512]	FATAL	/home/mull1on/GolandProjects/src/go-ssip/app/service/api/http/initialize/rpc/group_service.go:38	init group client failed:	{"error": "service name is required"}
[2023-09-23 21:14:07.763]	INFO	/home/mull1on/GolandProjects/src/go-ssip/app/service/api/http/initialize/logger.go:34	init logger successfully
[2023-09-23 21:14:07.770]	INFO	/home/mull1on/GolandProjects/src/go-ssip/app/service/api/http/initialize/rpc/user_service.go:41	init user client success
[2023-09-23 21:14:07.770]	INFO	/home/mull1on/GolandProjects/src/go-ssip/app/service/api/http/initialize/rpc/group_service.go:41	init group client success
[2023-09-23 21:15:36.088]	INFO	/home/mull1on/GolandProjects/src/go-ssip/app/service/api/http/initialize/logger.go:34	init logger successfully
[2023-09-23 21:15:36.094]	INFO	/home/mull1on/GolandProjects/src/go-ssip/app/service/api/http/initialize/rpc/user_service.go:41	init user client success
[2023-09-23 21:15:36.094]	INFO	/home/mull1on/GolandProjects/src/go-ssip/app/service/api/http/initialize/rpc/group_service.go:41	init group client success
[2023-09-23 21:28:17.182]	INFO	/home/mull1on/GolandProjects/src/go-ssip/app/service/api/http/initialize/logger.go:34	init logger successfully
[2023-09-23 21:28:17.188]	INFO	/home/mull1on/GolandProjects/src/go-ssip/app/service/api/http/initialize/rpc/user_service.go:41	init user client success
[2023-09-23 21:28:17.189]	INFO	/home/mull1on/GolandProjects/src/go-ssip/app/service/api/http/initialize/rpc/group_service.go:41	init group client success
[2023-09-23 21:28:22.376]	ERROR	/home/mull1on/GolandProjects/src/go-ssip/app/service/api/http/biz/handler/group/group_service.go:40	rpc group service err	{"error": "remote or network error[remote]: panic: [happened in biz handler, method=CreateGroup] runtime error: invalid memory address or nil pointer dereference"}
[2023-09-23 21:37:09.769]	ERROR	/home/mull1on/GolandProjects/src/go-ssip/app/service/api/http/biz/handler/group/group_service.go:40	rpc group service err	{"error": "remote or network error[remote]: panic: [happened in biz handler, method=CreateGroup] runtime error: invalid memory address or nil pointer dereference"}
[2023-09-23 21:42:11.853]	ERROR	/home/mull1on/GolandProjects/src/go-ssip/app/service/api/http/biz/handler/group/group_service.go:40	rpc group service err	{"error": "remote or network error[remote]: panic: [happened in biz handler, method=CreateGroup] runtime error: invalid memory address or nil pointer dereference"}
[2023-09-23 21:47:17.236]	ERROR	/home/mull1on/GolandProjects/src/go-ssip/app/service/api/http/biz/handler/group/group_service.go:40	rpc group service err	{"error": "service discovery error: no service found"}
[2023-09-23 21:47:30.428]	ERROR	/home/mull1on/GolandProjects/src/go-ssip/app/service/api/http/biz/handler/group/group_service.go:40	rpc group service err	{"error": "service discovery error: no service found"}
[2023-09-23 21:47:32.615]	ERROR	/home/mull1on/GolandProjects/src/go-ssip/app/service/api/http/biz/handler/group/group_service.go:40	rpc group service err	{"error": "service discovery error: no service found"}
[2023-09-23 21:47:33.698]	ERROR	/home/mull1on/GolandProjects/src/go-ssip/app/service/api/http/biz/handler/group/group_service.go:40	rpc group service err	{"error": "service discovery error: no service found"}
[2023-09-23 21:47:34.740]	ERROR	/home/mull1on/GolandProjects/src/go-ssip/app/service/api/http/biz/handler/group/group_service.go:40	rpc group service err	{"error": "service discovery error: no service found"}
[2023-09-23 21:47:35.765]	ERROR	/home/mull1on/GolandProjects/src/go-ssip/app/service/api/http/biz/handler/group/group_service.go:40	rpc group service err	{"error": "service discovery error: no service found"}
[2023-09-23 21:47:52.059]	ERROR	/home/mull1on/GolandProjects/src/go-ssip/app/service/api/http/biz/handler/group/group_service.go:40	rpc group service err	{"error": "remote or network error[remote]: panic: [happened in biz handler, method=CreateGroup] runtime error: invalid memory address or nil pointer dereference"}
[2023-09-23 21:58:03.584]	ERROR	/home/mull1on/GolandProjects/src/go-ssip/app/service/api/http/biz/handler/group/group_service.go:40	rpc group service err	{"error": "service discovery error: no service found"}
[2023-09-23 21:58:14.002]	ERROR	/home/mull1on/GolandProjects/src/go-ssip/app/service/api/http/biz/handler/group/group_service.go:40	rpc group service err	{"error": "remote or network error[remote]: panic: [happened in biz handler, method=CreateGroup] runtime error: invalid memory address or nil pointer dereference"}
[2023-09-23 21:59:51.365]	ERROR	/home/mull1on/GolandProjects/src/go-ssip/app/service/api/http/biz/handler/group/group_service.go:40	rpc group service err	{"error": "service discovery error: no service found"}
[2023-09-23 21:59:57.661]	ERROR	/home/mull1on/GolandProjects/src/go-ssip/app/service/api/http/biz/handler/group/group_service.go:40	rpc group service err	{"error": "remote or network error[remote]: panic: [happened in biz handler, method=CreateGroup] runtime error: invalid memory address or nil pointer dereference"}
[2023-09-23 22:01:28.481]	ERROR	/home/mull1on/GolandProjects/src/go-ssip/app/service/api/http/biz/handler/group/group_service.go:40	rpc group service err	{"error": "remote or network error[remote]: panic: [happened in biz handler, method=CreateGroup] runtime error: invalid memory address or nil pointer dereference"}
[2023-09-23 22:03:41.060]	ERROR	/home/mull1on/GolandProjects/src/go-ssip/app/service/api/http/biz/handler/group/group_service.go:40	rpc group service err	{"error": "remote or network error[remote]: panic: [happened in biz handler, method=CreateGroup] runtime error: invalid memory address or nil pointer dereference"}
[2023-09-23 22:04:26.541]	ERROR	/home/mull1on/GolandProjects/src/go-ssip/app/service/api/http/biz/handler/group/group_service.go:40	rpc group service err	{"error": "remote or network error[remote]: panic: [happened in biz handler, method=CreateGroup] runtime error: invalid memory address or nil pointer dereference"}
[2023-09-23 22:07:05.436]	INFO	/home/mull1on/GolandProjects/src/go-ssip/app/service/api/http/initialize/logger.go:34	init logger successfully
[2023-09-23 22:07:05.442]	INFO	/home/mull1on/GolandProjects/src/go-ssip/app/service/api/http/initialize/rpc/user_service.go:41	init user client success
[2023-09-23 22:07:05.442]	INFO	/home/mull1on/GolandProjects/src/go-ssip/app/service/api/http/initialize/rpc/group_service.go:41	init group client success
[2023-09-23 22:07:09.154]	ERROR	/home/mull1on/GolandProjects/src/go-ssip/app/service/api/http/biz/handler/group/group_service.go:40	rpc group service err	{"error": "remote or network error[remote]: panic: [happened in biz handler, method=CreateGroup] runtime error: invalid memory address or nil pointer dereference"}
[2023-09-23 22:12:55.836]	INFO	/home/mull1on/GolandProjects/src/go-ssip/app/service/api/http/initialize/logger.go:34	init logger successfully
[2023-09-23 22:12:55.843]	INFO	/home/mull1on/GolandProjects/src/go-ssip/app/service/api/http/initialize/rpc/user_service.go:41	init user client success
[2023-09-23 22:12:55.843]	INFO	/home/mull1on/GolandProjects/src/go-ssip/app/service/api/http/initialize/rpc/group_service.go:41	init group client success
[2023-09-23 22:13:00.816]	ERROR	/home/mull1on/GolandProjects/src/go-ssip/app/service/api/http/biz/handler/group/group_service.go:40	rpc group service err	{"error": "remote or network error[remote]: panic: [happened in biz handler, method=CreateGroup] runtime error: invalid memory address or nil pointer dereference"}
[2023-09-23 22:25:52.701]	INFO	/home/mull1on/GolandProjects/src/go-ssip/app/service/api/http/initialize/logger.go:34	init logger successfully
[2023-09-23 22:25:52.707]	INFO	/home/mull1on/GolandProjects/src/go-ssip/app/service/api/http/initialize/rpc/user_service.go:41	init user client success
[2023-09-23 22:25:52.708]	INFO	/home/mull1on/GolandProjects/src/go-ssip/app/service/api/http/initialize/rpc/group_service.go:41	init group client success
[2023-09-23 22:27:03.066]	ERROR	/home/mull1on/GolandProjects/src/go-ssip/app/service/api/http/biz/handler/group/group_service.go:38	rpc group service err	{"error": "service discovery error: no service found"}
[2023-09-23 22:27:09.723]	ERROR	/home/mull1on/GolandProjects/src/go-ssip/app/service/api/http/biz/handler/group/group_service.go:38	rpc group service err	{"error": "remote or network error[remote]: panic: [happened in biz handler, method=CreateGroup] runtime error: invalid memory address or nil pointer dereference"}
[2023-09-23 22:30:34.194]	INFO	/home/mull1on/GolandProjects/src/go-ssip/app/service/api/http/initialize/logger.go:34	init logger successfully
[2023-09-23 22:30:34.200]	INFO	/home/mull1on/GolandProjects/src/go-ssip/app/service/api/http/initialize/rpc/user_service.go:41	init user client success
[2023-09-23 22:30:34.201]	INFO	/home/mull1on/GolandProjects/src/go-ssip/app/service/api/http/initialize/rpc/group_service.go:41	init group client success
[2023-09-23 22:30:36.978]	ERROR	/home/mull1on/GolandProjects/src/go-ssip/app/service/api/http/biz/handler/group/group_service.go:38	rpc group service err	{"error": "remote or network error[remote]: panic: [happened in biz handler, method=CreateGroup] runtime error: invalid memory address or nil pointer dereference"}
[2023-09-23 22:31:15.343]	INFO	/home/mull1on/GolandProjects/src/go-ssip/app/service/api/http/initialize/logger.go:34	init logger successfully
[2023-09-23 22:31:15.356]	INFO	/home/mull1on/GolandProjects/src/go-ssip/app/service/api/http/initialize/rpc/user_service.go:41	init user client success
[2023-09-23 22:31:15.358]	INFO	/home/mull1on/GolandProjects/src/go-ssip/app/service/api/http/initialize/rpc/group_service.go:41	init group client success
[2023-09-23 22:31:36.686]	ERROR	/home/mull1on/GolandProjects/src/go-ssip/app/service/api/http/biz/handler/group/group_service.go:38	rpc group service err	{"error": "service discovery error: no service found"}
[2023-09-23 22:31:37.890]	ERROR	/home/mull1on/GolandProjects/src/go-ssip/app/service/api/http/biz/handler/group/group_service.go:38	rpc group service err	{"error": "service discovery error: no service found"}
[2023-09-23 22:31:39.834]	ERROR	/home/mull1on/GolandProjects/src/go-ssip/app/service/api/http/biz/handler/group/group_service.go:38	rpc group service err	{"error": "remote or network error[remote]: panic: [happened in biz handler, method=CreateGroup] runtime error: invalid memory address or nil pointer dereference"}
[2023-09-23 22:37:59.500]	INFO	/home/mull1on/GolandProjects/src/go-ssip/app/service/api/http/initialize/logger.go:34	init logger successfully
[2023-09-23 22:37:59.507]	INFO	/home/mull1on/GolandProjects/src/go-ssip/app/service/api/http/initialize/rpc/user_service.go:41	init user client success
[2023-09-23 22:37:59.507]	INFO	/home/mull1on/GolandProjects/src/go-ssip/app/service/api/http/initialize/rpc/group_service.go:41	init group client success
[2023-09-23 22:41:35.177]	ERROR	/home/mull1on/GolandProjects/src/go-ssip/app/service/api/http/biz/handler/group/group_service.go:38	rpc group service err	{"error": "remote or network error[remote]: panic: [happened in biz handler, method=CreateGroup] runtime error: invalid memory address or nil pointer dereference"}
[2023-09-23 22:41:37.169]	ERROR	/home/mull1on/GolandProjects/src/go-ssip/app/service/api/http/biz/handler/group/group_service.go:38	rpc group service err	{"error": "remote or network error[remote]: panic: [happened in biz handler, method=CreateGroup] runtime error: invalid memory address or nil pointer dereference"}
[2023-09-24 13:42:09.229]	INFO	/home/mull1on/GolandProjects/src/go-ssip/app/service/api/http/initialize/logger.go:34	init logger successfully
[2023-09-24 13:42:09.237]	INFO	/home/mull1on/GolandProjects/src/go-ssip/app/service/api/http/initialize/rpc/user_service.go:41	init user client success
[2023-09-24 13:42:09.238]	INFO	/home/mull1on/GolandProjects/src/go-ssip/app/service/api/http/initialize/rpc/group_service.go:41	init group client success
[2023-09-24 13:44:06.271]	ERROR	/home/mull1on/GolandProjects/src/go-ssip/app/service/api/http/biz/handler/group/group_service.go:38	rpc group service err	{"error": "remote or network error[remote]: panic: [happened in biz handler, method=CreateGroup] runtime error: invalid memory address or nil pointer dereference"}
[2023-09-24 13:52:57.533]	ERROR	/home/mull1on/GolandProjects/src/go-ssip/app/service/api/http/biz/handler/group/group_service.go:38	rpc group service err	{"error": "remote or network error[remote]: panic: [happened in biz handler, method=CreateGroup] runtime error: invalid memory address or nil pointer dereference"}
[2023-09-24 13:57:00.334]	ERROR	/home/mull1on/GolandProjects/src/go-ssip/app/service/api/http/biz/handler/user/user_service.go:82	rpc user service err	{"error": "remote or network error[remote]: panic: [happened in biz handler, method=Register] runtime error: invalid memory address or nil pointer dereference"}
[2023-09-24 14:08:49.320]	INFO	/home/mull1on/GolandProjects/src/go-ssip/app/service/api/http/initialize/logger.go:34	init logger successfully
[2023-09-24 14:08:49.325]	INFO	/home/mull1on/GolandProjects/src/go-ssip/app/service/api/http/initialize/rpc/user_service.go:41	init user client success
[2023-09-24 14:08:49.325]	INFO	/home/mull1on/GolandProjects/src/go-ssip/app/service/api/http/initialize/rpc/group_service.go:41	init group client success
[2023-09-24 14:29:28.630]	INFO	/home/mull1on/GolandProjects/src/go-ssip/app/service/api/http/initialize/logger.go:34	init logger successfully
[2023-09-24 14:29:28.636]	INFO	/home/mull1on/GolandProjects/src/go-ssip/app/service/api/http/initialize/rpc/user_service.go:41	init user client success
[2023-09-24 14:29:28.636]	INFO	/home/mull1on/GolandProjects/src/go-ssip/app/service/api/http/initialize/rpc/group_service.go:41	init group client success
[2023-09-24 14:58:24.900]	INFO	/home/mull1on/GolandProjects/src/go-ssip/app/service/api/http/initialize/logger.go:34	init logger successfully
[2023-09-24 14:58:24.907]	INFO	/home/mull1on/GolandProjects/src/go-ssip/app/service/api/http/initialize/rpc/user_service.go:41	init user client success
[2023-09-24 14:58:24.907]	INFO	/home/mull1on/GolandProjects/src/go-ssip/app/service/api/http/initialize/rpc/group_service.go:41	init group client success
[2023-09-24 15:00:53.653]	INFO	/home/mull1on/GolandProjects/src/go-ssip/app/service/api/http/initialize/logger.go:34	init logger successfully
[2023-09-24 15:00:53.660]	INFO	/home/mull1on/GolandProjects/src/go-ssip/app/service/api/http/initialize/rpc/user_service.go:41	init user client success
[2023-09-24 15:00:53.660]	INFO	/home/mull1on/GolandProjects/src/go-ssip/app/service/api/http/initialize/rpc/group_service.go:41	init group client success
[2023-09-24 16:21:21.752]	ERROR	/home/mull1on/GolandProjects/src/go-ssip/app/service/api/http/biz/handler/group/group_service.go:103	rpc group service err	{"error": "service discovery error: no service found"}
[2023-09-24 16:24:44.859]	ERROR	/home/mull1on/GolandProjects/src/go-ssip/app/service/api/http/biz/handler/group/group_service.go:103	rpc group service err	{"error": "service discovery error: no service found"}
[2023-09-24 16:42:13.034]	INFO	/home/mull1on/GolandProjects/src/go-ssip/app/service/api/http/initialize/logger.go:34	init logger successfully
[2023-09-24 16:42:13.041]	INFO	/home/mull1on/GolandProjects/src/go-ssip/app/service/api/http/initialize/rpc/user_service.go:41	init user client success
[2023-09-24 16:42:13.041]	INFO	/home/mull1on/GolandProjects/src/go-ssip/app/service/api/http/initialize/rpc/group_service.go:41	init group client success
[2023-09-24 20:10:53.681]	INFO	/home/mull1on/GolandProjects/src/go-ssip/app/service/api/http/initialize/logger.go:34	init logger successfully
[2023-09-24 20:10:53.688]	INFO	/home/mull1on/GolandProjects/src/go-ssip/app/service/api/http/initialize/rpc/user_service.go:41	init user client success
[2023-09-24 20:10:53.688]	INFO	/home/mull1on/GolandProjects/src/go-ssip/app/service/api/http/initialize/rpc/group_service.go:41	init group client success
[2023-09-24 20:29:51.714]	INFO	/home/mull1on/GolandProjects/src/go-ssip/app/service/api/http/initialize/logger.go:34	init logger successfully
[2023-09-24 20:29:51.720]	INFO	/home/mull1on/GolandProjects/src/go-ssip/app/service/api/http/initialize/rpc/user_service.go:41	init user client success
[2023-09-24 20:29:51.720]	INFO	/home/mull1on/GolandProjects/src/go-ssip/app/service/api/http/initialize/rpc/group_service.go:41	init group client success
[2023-09-25 17:26:12.473]	INFO	/home/mull1on/GolandProjects/src/go-ssip/app/service/api/http/initialize/logger.go:34	init logger successfully
[2023-09-25 17:26:12.480]	INFO	/home/mull1on/GolandProjects/src/go-ssip/app/service/api/http/initialize/rpc/user_service.go:41	init user client success
[2023-09-25 17:26:12.480]	INFO	/home/mull1on/GolandProjects/src/go-ssip/app/service/api/http/initialize/rpc/group_service.go:41	init group client success
[2023-09-25 17:28:21.289]	INFO	/home/mull1on/GolandProjects/src/go-ssip/app/service/api/http/initialize/logger.go:34	init logger successfully
[2023-09-25 17:28:21.295]	INFO	/home/mull1on/GolandProjects/src/go-ssip/app/service/api/http/initialize/rpc/user_service.go:41	init user client success
[2023-09-25 17:28:21.296]	INFO	/home/mull1on/GolandProjects/src/go-ssip/app/service/api/http/initialize/rpc/group_service.go:41	init group client success
[2023-09-25 19:43:12.044]	INFO	/home/mull1on/GolandProjects/src/go-ssip/app/service/api/http/initialize/logger.go:34	init logger successfully
[2023-09-25 19:43:12.050]	INFO	/home/mull1on/GolandProjects/src/go-ssip/app/service/api/http/initialize/rpc/user_service.go:41	init user client success
[2023-09-25 19:43:12.051]	INFO	/home/mull1on/GolandProjects/src/go-ssip/app/service/api/http/initialize/rpc/group_service.go:41	init group client success
[2023-09-25 19:54:38.716]	INFO	/home/mull1on/GolandProjects/src/go-ssip/app/service/api/http/initialize/logger.go:34	init logger successfully
[2023-09-25 19:54:38.722]	INFO	/home/mull1on/GolandProjects/src/go-ssip/app/service/api/http/initialize/rpc/user_service.go:41	init user client success
[2023-09-25 19:54:38.723]	INFO	/home/mull1on/GolandProjects/src/go-ssip/app/service/api/http/initialize/rpc/group_service.go:41	init group client success
[2023-09-25 20:29:35.119]	INFO	/home/mull1on/GolandProjects/src/go-ssip/app/service/api/http/initialize/logger.go:34	init logger successfully
[2023-09-25 20:29:35.126]	INFO	/home/mull1on/GolandProjects/src/go-ssip/app/service/api/http/initialize/rpc/user_service.go:41	init user client success
[2023-09-25 20:29:35.126]	INFO	/home/mull1on/GolandProjects/src/go-ssip/app/service/api/http/initialize/rpc/group_service.go:41	init group client success
[2023-09-25 20:36:39.554]	INFO	/home/mull1on/GolandProjects/src/go-ssip/app/service/api/http/initialize/logger.go:34	init logger successfully
[2023-09-25 20:36:39.560]	INFO	/home/mull1on/GolandProjects/src/go-ssip/app/service/api/http/initialize/rpc/user_service.go:41	init user client success
[2023-09-25 20:36:39.560]	INFO	/home/mull1on/GolandProjects/src/go-ssip/app/service/api/http/initialize/rpc/group_service.go:41	init group client success
